<?xml version="1.0" encoding="UTF-8"?>
<testng-results total="1" passed="1" failed="0" skipped="0">
  <reporter-output>
  </reporter-output>
  <suite started-at="2020-03-17T04:57:17Z" name="Default suite" finished-at="2020-03-17T04:58:03Z" duration-ms="46529">
    <groups>
    </groups>
    <test started-at="2020-03-17T04:57:17Z" name="Default test" finished-at="2020-03-17T04:58:03Z" duration-ms="46529">
      <class name="com.Techlistic.TestCases.loginstore">
        <test-method signature="TC_001()[pri:0, instance:com.Techlistic.TestCases.loginstore@589b3632]" started-at="2020-03-17T10:27:17Z" name="TC_001" finished-at="2020-03-17T10:28:03Z" duration-ms="46504" status="PASS">
          <reporter-output>
          </reporter-output>
        </test-method> <!-- TC_001 -->
      </class> <!-- com.Techlistic.TestCases.loginstore -->
    </test> <!-- Default test -->
  </suite> <!-- Default suite -->
</testng-results>
